<?xml version="1.0" encoding="UTF-8"?>
<!-- Generated by org.testng.reporters.JUnitReportReporter -->
<testsuite hostname="laptop-3.local" failures="0" tests="3" name="com.ww.tests.WWTest" time="15.995" errors="0" timestamp="2021-09-20T23:55:14 EDT" skipped="0">
  <testcase classname="com.ww.tests.WWTest" name="TestBrowserOpensSuccessfully" time="11.575"/>
  <system-out/>
  <testcase classname="com.ww.tests.WWTest" name="TestPageTitle" time="0.710"/>
  <system-out/>
  <testcase classname="com.ww.tests.WWTest" name="FindClosestStudio" time="3.710"/>
  <system-out/>
</testsuite> <!-- com.ww.tests.WWTest -->
