<?xml version="1.0" encoding="UTF-8"?>
<!-- Generated by org.testng.reporters.JUnitReportReporter -->
<testsuite hostname="laptop-3.local" failures="0" tests="5" name="com.ww.tests.WWTests" time="23.737" errors="0" timestamp="2021-09-21T22:54:52 EDT" skipped="0">
  <testcase classname="com.ww.tests.WWTests" name="TestBrowserOpensSuccessfully" time="11.364"/>
  <system-out/>
  <testcase classname="com.ww.tests.WWTests" name="TestPageTitle" time="0.246"/>
  <system-out/>
  <testcase classname="com.ww.tests.WWTests" name="FindClosestStudio" time="4.171"/>
  <system-out/>
  <testcase classname="com.ww.tests.WWTests" name="VerifyLocationTitleMatchesResult" time="3.761"/>
  <system-out/>
  <testcase classname="com.ww.tests.WWTests" name="CheckBusinessHours" time="4.195"/>
  <system-out/>
</testsuite> <!-- com.ww.tests.WWTests -->
